{"type":"operationStart","subtype":"profile","data":{"_id":"SDmjql5hoiRN6drx","timestamp":"2024-03-07T14:36:19.995Z","state":"queued","mode":"standard","creationDate":"2024-03-07T14:36:19.999Z","modificationDate":"2024-03-07T14:36:19.999Z","shortid":"WivQx-e","inheritedReadPermissions":[],"inheritedEditPermissions":[],"$entitySet":"profiles"},"doDiffs":false,"timestamp":1709822179998,"id":"ttt5e3509o73mba","previousOperationId":null,"operationId":"jkgjkzd99ntba2v"}
{"type":"log","level":"info","message":"Render request 7 queued for execution and waiting for available worker","previousOperationId":"jkgjkzd99ntba2v","timestamp":1709822179998,"id":"lqp7mpv4wb9n9qn"}
{"type":"operationStart","subtype":"render","name":"invoice","previousOperationId":"jkgjkzd99ntba2v","timestamp":1709822180026,"id":"80ozhkdxbdy8oz6","previousEventId":"ttt5e3509o73mba","operationId":"i278kutbr601tef"}
{"type":"log","timestamp":1709822180026,"level":"info","message":"Starting rendering request 7 (user: gabriel)","meta":{"rootId":"a4d3v1x1u1dg3s5","id":"a4d3v1x1u1dg3s5"},"id":"cv3zfzw5eak2bj8","previousOperationId":"i278kutbr601tef"}
{"type":"log","timestamp":1709822180026,"level":"info","message":"Rendering template { name: invoice, recipe: chrome-pdf, engine: handlebars, preview: false }","meta":{"rootId":"a4d3v1x1u1dg3s5","id":"a4d3v1x1u1dg3s5"},"id":"qwvo6va3ux4zcxo","previousOperationId":"i278kutbr601tef"}
{"type":"log","timestamp":1709822180026,"level":"debug","message":"Inline data specified.","meta":{"rootId":"a4d3v1x1u1dg3s5","id":"a4d3v1x1u1dg3s5"},"id":"2npc0c8xglv5lzh","previousOperationId":"i278kutbr601tef"}
{"type":"log","timestamp":1709822180027,"level":"debug","message":"Base url not specified, skipping its injection.","meta":{"rootId":"a4d3v1x1u1dg3s5","id":"a4d3v1x1u1dg3s5"},"id":"i0ascunv1xnrobz","previousOperationId":"i278kutbr601tef"}
{"type":"operationStart","subtype":"engine","name":"handlebars","timestamp":1709822180028,"id":"vtcdrf8519lxy9n","previousEventId":"80ozhkdxbdy8oz6","operationId":"cbd2imfvl1asnv7","previousOperationId":"i278kutbr601tef"}
{"type":"log","timestamp":1709822180028,"level":"debug","message":"Rendering engine handlebars","meta":{"rootId":"a4d3v1x1u1dg3s5","id":"a4d3v1x1u1dg3s5"},"id":"w7fopaynjhzea8x","previousOperationId":"cbd2imfvl1asnv7"}
{"type":"operationEnd","operationId":"cbd2imfvl1asnv7","timestamp":1709822180052,"id":"nfj94s5yyx5mev1","previousEventId":"vtcdrf8519lxy9n","previousOperationId":"cbd2imfvl1asnv7"}
{"type":"operationStart","subtype":"recipe","name":"chrome-pdf","timestamp":1709822180052,"id":"95rw8u39ixspvux","previousEventId":"nfj94s5yyx5mev1","operationId":"zl2myx132uk6ikz","previousOperationId":"cbd2imfvl1asnv7"}
{"type":"log","timestamp":1709822180052,"level":"debug","message":"Executing recipe chrome-pdf","meta":{"rootId":"a4d3v1x1u1dg3s5","id":"a4d3v1x1u1dg3s5"},"id":"91l39s3xogtt4hd","previousOperationId":"zl2myx132uk6ikz"}
{"type":"log","timestamp":1709822180055,"level":"debug","message":"Converting with chrome HeadlessChrome/117.0.5938.149 using chrome-pool strategy","meta":{"rootId":"a4d3v1x1u1dg3s5","id":"a4d3v1x1u1dg3s5"},"id":"igvihx7hpkeaq2o","previousOperationId":"zl2myx132uk6ikz"}
{"type":"log","timestamp":1709822180337,"level":"debug","message":"Page request: GET (document) file:///C:/Users/gabri/AppData/Local/Temp/jsreport/autocleanup/106a8b99-7854-4767-aeea-5652813ef9fc-chrome-pdf.html","meta":{"rootId":"a4d3v1x1u1dg3s5","id":"a4d3v1x1u1dg3s5"},"id":"rxiobpt4mddohjc","previousOperationId":"zl2myx132uk6ikz"}
{"type":"log","timestamp":1709822180355,"level":"debug","message":"Page request finished: GET (document) 200 file:///C:/Users/gabri/AppData/Local/Temp/jsreport/autocleanup/106a8b99-7854-4767-aeea-5652813ef9fc-chrome-pdf.html","meta":{"rootId":"a4d3v1x1u1dg3s5","id":"a4d3v1x1u1dg3s5"},"id":"jfzz5rz56p0qk4z","previousOperationId":"zl2myx132uk6ikz"}
{"type":"log","timestamp":1709822180367,"level":"debug","message":"Running chrome with params {\"printBackground\":true,\"timeout\":59941,\"margin\":{}}","meta":{"rootId":"a4d3v1x1u1dg3s5","id":"a4d3v1x1u1dg3s5"},"id":"bhe09m0qlcxq17z","previousOperationId":"zl2myx132uk6ikz"}
{"type":"operationEnd","operationId":"zl2myx132uk6ikz","timestamp":1709822180404,"id":"azkd7uffgixs9ah","previousEventId":"95rw8u39ixspvux","previousOperationId":"zl2myx132uk6ikz"}
{"type":"log","timestamp":1709822180404,"level":"debug","message":"Skipping storing report.","meta":{"rootId":"a4d3v1x1u1dg3s5","id":"a4d3v1x1u1dg3s5"},"id":"58h4rjz21r5p7wa","previousOperationId":"zl2myx132uk6ikz"}
{"type":"log","timestamp":1709822180404,"level":"info","message":"Rendering request 7 finished in 410 ms","meta":{"rootId":"a4d3v1x1u1dg3s5","id":"a4d3v1x1u1dg3s5"},"id":"5lzdzpya3zwpmlx","previousOperationId":"zl2myx132uk6ikz"}
{"type":"operationEnd","subtype":"render","operationId":"i278kutbr601tef","timestamp":1709822180404,"id":"zuiiftuddwya4dp","previousEventId":"azkd7uffgixs9ah","previousOperationId":"zl2myx132uk6ikz"}
{"type":"operationEnd","doDiffs":false,"previousEventId":"ttt5e3509o73mba","previousOperationId":"jkgjkzd99ntba2v","operationId":"jkgjkzd99ntba2v","timestamp":1709822180407,"id":"1uxofu0th4jsl21"}
