{"type":"operationStart","subtype":"profile","data":{"_id":"qu1VrNxCLBWZv4a8","timestamp":"2024-03-07T14:37:32.419Z","state":"queued","mode":"standard","creationDate":"2024-03-07T14:37:32.421Z","modificationDate":"2024-03-07T14:37:32.421Z","shortid":"kA87cwU","inheritedReadPermissions":[],"inheritedEditPermissions":[],"$entitySet":"profiles"},"doDiffs":false,"timestamp":1709822252420,"id":"avbgfrsqe0ctvmc","previousOperationId":null,"operationId":"i7cbz18yfhluxri"}
{"type":"log","level":"info","message":"Render request 9 queued for execution and waiting for available worker","previousOperationId":"i7cbz18yfhluxri","timestamp":1709822252420,"id":"afeksw1zibits51"}
{"type":"operationStart","subtype":"render","name":"invoice","previousOperationId":"i7cbz18yfhluxri","timestamp":1709822252428,"id":"rfecu2ejc1llivm","previousEventId":"avbgfrsqe0ctvmc","operationId":"b4mr8l1pv72ue12"}
{"type":"log","timestamp":1709822252428,"level":"info","message":"Starting rendering request 9 (user: gabriel)","meta":{"rootId":"fobg1zdtgz4nwwz","id":"fobg1zdtgz4nwwz"},"id":"d7jhlng6ib9k56v","previousOperationId":"b4mr8l1pv72ue12"}
{"type":"log","timestamp":1709822252428,"level":"info","message":"Rendering template { name: invoice, recipe: chrome-pdf, engine: handlebars, preview: false }","meta":{"rootId":"fobg1zdtgz4nwwz","id":"fobg1zdtgz4nwwz"},"id":"41z6wmq0j6yeuzp","previousOperationId":"b4mr8l1pv72ue12"}
{"type":"log","timestamp":1709822252428,"level":"debug","message":"Inline data specified.","meta":{"rootId":"fobg1zdtgz4nwwz","id":"fobg1zdtgz4nwwz"},"id":"avz2au0ka2cloiq","previousOperationId":"b4mr8l1pv72ue12"}
{"type":"log","timestamp":1709822252428,"level":"debug","message":"Base url not specified, skipping its injection.","meta":{"rootId":"fobg1zdtgz4nwwz","id":"fobg1zdtgz4nwwz"},"id":"8rjpmny3kprwg8j","previousOperationId":"b4mr8l1pv72ue12"}
{"type":"operationStart","subtype":"engine","name":"handlebars","timestamp":1709822252429,"id":"h8iox0e532f4y22","previousEventId":"rfecu2ejc1llivm","operationId":"7ubl0n9di7vkyqq","previousOperationId":"b4mr8l1pv72ue12"}
{"type":"log","timestamp":1709822252429,"level":"debug","message":"Rendering engine handlebars","meta":{"rootId":"fobg1zdtgz4nwwz","id":"fobg1zdtgz4nwwz"},"id":"xej3r010dcj29ny","previousOperationId":"7ubl0n9di7vkyqq"}
{"type":"operationEnd","operationId":"7ubl0n9di7vkyqq","timestamp":1709822252437,"id":"qzr559lgaim7mg2","previousEventId":"h8iox0e532f4y22","previousOperationId":"7ubl0n9di7vkyqq"}
{"type":"operationStart","subtype":"recipe","name":"chrome-pdf","timestamp":1709822252438,"id":"70x362dxisyxtlb","previousEventId":"qzr559lgaim7mg2","operationId":"k9itjdd9l9rx5js","previousOperationId":"7ubl0n9di7vkyqq"}
{"type":"log","timestamp":1709822252438,"level":"debug","message":"Executing recipe chrome-pdf","meta":{"rootId":"fobg1zdtgz4nwwz","id":"fobg1zdtgz4nwwz"},"id":"3jijb170jwtr90q","previousOperationId":"k9itjdd9l9rx5js"}
{"type":"log","timestamp":1709822252440,"level":"debug","message":"Converting with chrome HeadlessChrome/117.0.5938.149 using chrome-pool strategy","meta":{"rootId":"fobg1zdtgz4nwwz","id":"fobg1zdtgz4nwwz"},"id":"bmagp1atiquefc5","previousOperationId":"k9itjdd9l9rx5js"}
{"type":"log","timestamp":1709822252551,"level":"debug","message":"Page request: GET (document) file:///C:/Users/gabri/AppData/Local/Temp/jsreport/autocleanup/1068b20b-97aa-47ed-ad97-9e8b0cd2caa0-chrome-pdf.html","meta":{"rootId":"fobg1zdtgz4nwwz","id":"fobg1zdtgz4nwwz"},"id":"56ahpwi512mguur","previousOperationId":"k9itjdd9l9rx5js"}
{"type":"log","timestamp":1709822252560,"level":"debug","message":"Page request finished: GET (document) 200 file:///C:/Users/gabri/AppData/Local/Temp/jsreport/autocleanup/1068b20b-97aa-47ed-ad97-9e8b0cd2caa0-chrome-pdf.html","meta":{"rootId":"fobg1zdtgz4nwwz","id":"fobg1zdtgz4nwwz"},"id":"ziwgte1y7fuemf1","previousOperationId":"k9itjdd9l9rx5js"}
{"type":"log","timestamp":1709822252569,"level":"debug","message":"Running chrome with params {\"printBackground\":true,\"timeout\":59979,\"margin\":{}}","meta":{"rootId":"fobg1zdtgz4nwwz","id":"fobg1zdtgz4nwwz"},"id":"ejziygub9e6cfon","previousOperationId":"k9itjdd9l9rx5js"}
{"type":"operationEnd","operationId":"k9itjdd9l9rx5js","timestamp":1709822252602,"id":"6fdfku67h09rq84","previousEventId":"70x362dxisyxtlb","previousOperationId":"k9itjdd9l9rx5js"}
{"type":"log","timestamp":1709822252602,"level":"debug","message":"Skipping storing report.","meta":{"rootId":"fobg1zdtgz4nwwz","id":"fobg1zdtgz4nwwz"},"id":"yehbt99e0qfl4u7","previousOperationId":"k9itjdd9l9rx5js"}
{"type":"log","timestamp":1709822252602,"level":"info","message":"Rendering request 9 finished in 184 ms","meta":{"rootId":"fobg1zdtgz4nwwz","id":"fobg1zdtgz4nwwz"},"id":"u9bm1q44bhwe3iz","previousOperationId":"k9itjdd9l9rx5js"}
{"type":"operationEnd","subtype":"render","operationId":"b4mr8l1pv72ue12","timestamp":1709822252602,"id":"db6qg29bsy90gxg","previousEventId":"6fdfku67h09rq84","previousOperationId":"k9itjdd9l9rx5js"}
{"type":"operationEnd","doDiffs":false,"previousEventId":"avbgfrsqe0ctvmc","previousOperationId":"i7cbz18yfhluxri","operationId":"i7cbz18yfhluxri","timestamp":1709822252605,"id":"vrmmw3m7ip6dutm"}
