{"type":"operationStart","subtype":"profile","data":{"_id":"IaulLO3lbvML9WGp","timestamp":"2024-03-07T14:11:56.661Z","state":"queued","mode":"standard","creationDate":"2024-03-07T14:11:56.664Z","modificationDate":"2024-03-07T14:11:56.664Z","shortid":"3tFEVIW","inheritedReadPermissions":[],"inheritedEditPermissions":[],"$entitySet":"profiles"},"doDiffs":false,"timestamp":1709820716663,"id":"uo6d94pahuhrvca","previousOperationId":null,"operationId":"u86enmbnj6yltq0"}
{"type":"log","level":"info","message":"Render request 3 queued for execution and waiting for available worker","previousOperationId":"u86enmbnj6yltq0","timestamp":1709820716663,"id":"lr5e06svsbt3z1k"}
{"type":"operationStart","subtype":"render","name":"anonymous","previousOperationId":"u86enmbnj6yltq0","timestamp":1709820716682,"id":"c5g7sti045g5t5b","previousEventId":"uo6d94pahuhrvca","operationId":"67vjlgdy9ifxk6a"}
{"type":"log","timestamp":1709820716682,"level":"info","message":"Starting rendering request 3 (user: gabriel)","meta":{"rootId":"3qnjqd8ifq0db28","id":"3qnjqd8ifq0db28"},"id":"l7cpgf3sj6ss71t","previousOperationId":"67vjlgdy9ifxk6a"}
{"type":"log","timestamp":1709820716682,"level":"info","message":"Rendering template { name: invoice, recipe: chrome-pdf, engine: handlebars, preview: true }","meta":{"rootId":"3qnjqd8ifq0db28","id":"3qnjqd8ifq0db28"},"id":"037vnmxny8mvy4v","previousOperationId":"67vjlgdy9ifxk6a"}
{"type":"log","timestamp":1709820716682,"level":"debug","message":"Inline data specified.","meta":{"rootId":"3qnjqd8ifq0db28","id":"3qnjqd8ifq0db28"},"id":"9s71fldmb7r7rco","previousOperationId":"67vjlgdy9ifxk6a"}
{"type":"log","timestamp":1709820716684,"level":"debug","message":"Base url not specified, skipping its injection.","meta":{"rootId":"3qnjqd8ifq0db28","id":"3qnjqd8ifq0db28"},"id":"mi9j7d0hj8pyeo1","previousOperationId":"67vjlgdy9ifxk6a"}
{"type":"operationStart","subtype":"engine","name":"handlebars","timestamp":1709820716685,"id":"8q1hrcdj6jtv7mi","previousEventId":"c5g7sti045g5t5b","operationId":"xp89pkv14eugbeh","previousOperationId":"67vjlgdy9ifxk6a"}
{"type":"log","timestamp":1709820716685,"level":"debug","message":"Rendering engine handlebars","meta":{"rootId":"3qnjqd8ifq0db28","id":"3qnjqd8ifq0db28"},"id":"geeunjzvlhyer6x","previousOperationId":"xp89pkv14eugbeh"}
{"type":"operationEnd","operationId":"xp89pkv14eugbeh","timestamp":1709820716705,"id":"i3z9tdf5s2ohjgr","previousEventId":"8q1hrcdj6jtv7mi","previousOperationId":"xp89pkv14eugbeh"}
{"type":"operationStart","subtype":"recipe","name":"chrome-pdf","timestamp":1709820716706,"id":"fkz4bdf4yctaiye","previousEventId":"i3z9tdf5s2ohjgr","operationId":"g8zciqjbrvegirs","previousOperationId":"xp89pkv14eugbeh"}
{"type":"log","timestamp":1709820716706,"level":"debug","message":"Executing recipe chrome-pdf","meta":{"rootId":"3qnjqd8ifq0db28","id":"3qnjqd8ifq0db28"},"id":"qh6ch8twvoitfin","previousOperationId":"g8zciqjbrvegirs"}
{"type":"log","timestamp":1709820716713,"level":"debug","message":"Converting with chrome HeadlessChrome/117.0.5938.149 using chrome-pool strategy","meta":{"rootId":"3qnjqd8ifq0db28","id":"3qnjqd8ifq0db28"},"id":"jatvxch80zoch9i","previousOperationId":"g8zciqjbrvegirs"}
{"type":"log","timestamp":1709820716829,"level":"debug","message":"Page request: GET (document) file:///C:/Users/gabri/AppData/Local/Temp/jsreport/autocleanup/600d1347-66f5-4e5b-bc04-00f2407b64e2-chrome-pdf.html","meta":{"rootId":"3qnjqd8ifq0db28","id":"3qnjqd8ifq0db28"},"id":"nlvy5gjawuh97dn","previousOperationId":"g8zciqjbrvegirs"}
{"type":"log","timestamp":1709820716838,"level":"debug","message":"Page request finished: GET (document) 200 file:///C:/Users/gabri/AppData/Local/Temp/jsreport/autocleanup/600d1347-66f5-4e5b-bc04-00f2407b64e2-chrome-pdf.html","meta":{"rootId":"3qnjqd8ifq0db28","id":"3qnjqd8ifq0db28"},"id":"5u7in0bqh39zzxk","previousOperationId":"g8zciqjbrvegirs"}
{"type":"log","timestamp":1709820716844,"level":"debug","message":"Running chrome with params {\"printBackground\":true,\"timeout\":59950,\"margin\":{}}","meta":{"rootId":"3qnjqd8ifq0db28","id":"3qnjqd8ifq0db28"},"id":"dpdg3oet22122vm","previousOperationId":"g8zciqjbrvegirs"}
{"type":"operationEnd","operationId":"g8zciqjbrvegirs","timestamp":1709820716860,"id":"yzhqur769atxl1r","previousEventId":"fkz4bdf4yctaiye","previousOperationId":"g8zciqjbrvegirs"}
{"type":"log","timestamp":1709820716860,"level":"debug","message":"Skipping storing report.","meta":{"rootId":"3qnjqd8ifq0db28","id":"3qnjqd8ifq0db28"},"id":"8p2petz5k88lqld","previousOperationId":"g8zciqjbrvegirs"}
{"type":"log","timestamp":1709820716861,"level":"info","message":"Rendering request 3 finished in 200 ms","meta":{"rootId":"3qnjqd8ifq0db28","id":"3qnjqd8ifq0db28"},"id":"j5tr1evjkd7gsa8","previousOperationId":"g8zciqjbrvegirs"}
{"type":"operationEnd","subtype":"render","operationId":"67vjlgdy9ifxk6a","timestamp":1709820716861,"id":"zsi7hyzlxjl4bdq","previousEventId":"yzhqur769atxl1r","previousOperationId":"g8zciqjbrvegirs"}
{"type":"operationEnd","doDiffs":false,"previousEventId":"uo6d94pahuhrvca","previousOperationId":"u86enmbnj6yltq0","operationId":"u86enmbnj6yltq0","timestamp":1709820716869,"id":"3k14o1hgq5tefjl"}
