{"type":"operationStart","subtype":"profile","data":{"_id":"WXTD0pxXcGYeUsRS","timestamp":"2024-03-07T14:11:03.929Z","state":"queued","mode":"standard","creationDate":"2024-03-07T14:11:03.935Z","modificationDate":"2024-03-07T14:11:03.935Z","shortid":"jrQGi9s","inheritedReadPermissions":[],"inheritedEditPermissions":[],"$entitySet":"profiles"},"doDiffs":false,"timestamp":1709820663932,"id":"apwz3fdqv4jo189","previousOperationId":null,"operationId":"k0ufuydlmty89ws"}
{"type":"log","level":"info","message":"Render request 1 queued for execution and waiting for available worker","previousOperationId":"k0ufuydlmty89ws","timestamp":1709820663933,"id":"3q4gukb4heco8xo"}
{"type":"operationStart","subtype":"render","name":"anonymous","previousOperationId":"k0ufuydlmty89ws","timestamp":1709820663962,"id":"mcobhunswczwxmi","previousEventId":"apwz3fdqv4jo189","operationId":"hyyabmtqbxi80v9"}
{"type":"log","timestamp":1709820663964,"level":"info","message":"Starting rendering request 1 (user: gabriel)","meta":{"rootId":"gfeoep5vfj0u76t","id":"gfeoep5vfj0u76t"},"id":"srqivymt7kyhja3","previousOperationId":"hyyabmtqbxi80v9"}
{"type":"log","timestamp":1709820663965,"level":"info","message":"Rendering template { name: invoice, recipe: chrome-pdf, engine: handlebars, preview: true }","meta":{"rootId":"gfeoep5vfj0u76t","id":"gfeoep5vfj0u76t"},"id":"uf2wy93a89ynb4h","previousOperationId":"hyyabmtqbxi80v9"}
{"type":"log","timestamp":1709820663966,"level":"debug","message":"Inline data specified.","meta":{"rootId":"gfeoep5vfj0u76t","id":"gfeoep5vfj0u76t"},"id":"kw1sh5804p9qom2","previousOperationId":"hyyabmtqbxi80v9"}
{"type":"log","timestamp":1709820663971,"level":"debug","message":"Base url not specified, skipping its injection.","meta":{"rootId":"gfeoep5vfj0u76t","id":"gfeoep5vfj0u76t"},"id":"h085rraue5i5zsv","previousOperationId":"hyyabmtqbxi80v9"}
{"type":"operationStart","subtype":"engine","name":"handlebars","timestamp":1709820663974,"id":"rc1d2rbdpt430ji","previousEventId":"mcobhunswczwxmi","operationId":"t4u2hpzp0h48wkv","previousOperationId":"hyyabmtqbxi80v9"}
{"type":"log","timestamp":1709820663974,"level":"debug","message":"Rendering engine handlebars","meta":{"rootId":"gfeoep5vfj0u76t","id":"gfeoep5vfj0u76t"},"id":"1ffgm8xa1yl7jui","previousOperationId":"t4u2hpzp0h48wkv"}
{"type":"operationEnd","operationId":"t4u2hpzp0h48wkv","timestamp":1709820664671,"id":"dlmfixne2pk79v7","previousEventId":"rc1d2rbdpt430ji","previousOperationId":"t4u2hpzp0h48wkv"}
{"type":"operationStart","subtype":"recipe","name":"chrome-pdf","timestamp":1709820664672,"id":"coy7owwquy6138f","previousEventId":"dlmfixne2pk79v7","operationId":"vko9ok1w3u9suy7","previousOperationId":"t4u2hpzp0h48wkv"}
{"type":"log","timestamp":1709820664672,"level":"debug","message":"Executing recipe chrome-pdf","meta":{"rootId":"gfeoep5vfj0u76t","id":"gfeoep5vfj0u76t"},"id":"0p7qtflv6oqip9z","previousOperationId":"vko9ok1w3u9suy7"}
{"type":"log","timestamp":1709820677121,"level":"debug","message":"Converting with chrome HeadlessChrome/117.0.5938.149 using chrome-pool strategy","meta":{"rootId":"gfeoep5vfj0u76t","id":"gfeoep5vfj0u76t"},"id":"pdx0m8wvrlsdcfj","previousOperationId":"vko9ok1w3u9suy7"}
{"type":"log","timestamp":1709820680864,"level":"debug","message":"Page request: GET (document) file:///C:/Users/gabri/AppData/Local/Temp/jsreport/autocleanup/49db4b4b-f3a9-442b-8b94-743348737c55-chrome-pdf.html","meta":{"rootId":"gfeoep5vfj0u76t","id":"gfeoep5vfj0u76t"},"id":"i6ojxgislbkggmk","previousOperationId":"vko9ok1w3u9suy7"}
{"type":"log","timestamp":1709820680896,"level":"debug","message":"Page request finished: GET (document) 200 file:///C:/Users/gabri/AppData/Local/Temp/jsreport/autocleanup/49db4b4b-f3a9-442b-8b94-743348737c55-chrome-pdf.html","meta":{"rootId":"gfeoep5vfj0u76t","id":"gfeoep5vfj0u76t"},"id":"3a05bv7fzjisrvx","previousOperationId":"vko9ok1w3u9suy7"}
{"type":"log","timestamp":1709820680900,"level":"debug","message":"Running chrome with params {\"printBackground\":true,\"timeout\":58696,\"margin\":{}}","meta":{"rootId":"gfeoep5vfj0u76t","id":"gfeoep5vfj0u76t"},"id":"srjbxmqktqd03sl","previousOperationId":"vko9ok1w3u9suy7"}
{"type":"operationEnd","operationId":"vko9ok1w3u9suy7","timestamp":1709820680928,"id":"xz9eh7v0f6bszpm","previousEventId":"coy7owwquy6138f","previousOperationId":"vko9ok1w3u9suy7"}
{"type":"log","timestamp":1709820680930,"level":"debug","message":"Skipping storing report.","meta":{"rootId":"gfeoep5vfj0u76t","id":"gfeoep5vfj0u76t"},"id":"kfp79m8vv8teiau","previousOperationId":"vko9ok1w3u9suy7"}
{"type":"log","timestamp":1709820680930,"level":"info","message":"Rendering request 1 finished in 17001 ms","meta":{"rootId":"gfeoep5vfj0u76t","id":"gfeoep5vfj0u76t"},"id":"8845tfbv7u0exqu","previousOperationId":"vko9ok1w3u9suy7"}
{"type":"operationEnd","subtype":"render","operationId":"hyyabmtqbxi80v9","timestamp":1709820680930,"id":"jayxnshkiw6cr8n","previousEventId":"xz9eh7v0f6bszpm","previousOperationId":"vko9ok1w3u9suy7"}
{"type":"operationEnd","doDiffs":false,"previousEventId":"apwz3fdqv4jo189","previousOperationId":"k0ufuydlmty89ws","operationId":"k0ufuydlmty89ws","timestamp":1709820680941,"id":"sn4deh1qkpvy9ru"}
